<?xml version="1.0" encoding="UTF-8"?>
<testsuite xmlns:xsi="http://www.w3.org/2001/XMLSchema-instance" xsi:noNamespaceSchemaLocation="https://maven.apache.org/surefire/maven-surefire-plugin/xsd/surefire-test-report.xsd" name="TestSuite" time="21.034" tests="3" errors="0" skipped="0" failures="0">
  <properties>
    <property name="sun.desktop" value="windows"/>
    <property name="awt.toolkit" value="sun.awt.windows.WToolkit"/>
    <property name="java.specification.version" value="11"/>
    <property name="sun.cpu.isalist" value="amd64"/>
    <property name="sun.jnu.encoding" value="Cp1252"/>
    <property name="java.class.path" value="E:\Fullstack Selenium in Java\04 - Maven Hybrid Framework\target\test-classes;E:\Fullstack Selenium in Java\04 - Maven Hybrid Framework\target\classes;C:\Users\WELCOME\.m2\repository\org\testng\testng\6.14.3\testng-6.14.3.jar;C:\Users\WELCOME\.m2\repository\com\beust\jcommander\1.72\jcommander-1.72.jar;C:\Users\WELCOME\.m2\repository\org\apache-extras\beanshell\bsh\2.0b6\bsh-2.0b6.jar;C:\Users\WELCOME\.m2\repository\org\seleniumhq\selenium\selenium-java\3.141.59\selenium-java-3.141.59.jar;C:\Users\WELCOME\.m2\repository\org\seleniumhq\selenium\selenium-api\3.141.59\selenium-api-3.141.59.jar;C:\Users\WELCOME\.m2\repository\org\seleniumhq\selenium\selenium-chrome-driver\3.141.59\selenium-chrome-driver-3.141.59.jar;C:\Users\WELCOME\.m2\repository\org\seleniumhq\selenium\selenium-edge-driver\3.141.59\selenium-edge-driver-3.141.59.jar;C:\Users\WELCOME\.m2\repository\org\seleniumhq\selenium\selenium-firefox-driver\3.141.59\selenium-firefox-driver-3.141.59.jar;C:\Users\WELCOME\.m2\repository\org\seleniumhq\selenium\selenium-ie-driver\3.141.59\selenium-ie-driver-3.141.59.jar;C:\Users\WELCOME\.m2\repository\org\seleniumhq\selenium\selenium-opera-driver\3.141.59\selenium-opera-driver-3.141.59.jar;C:\Users\WELCOME\.m2\repository\org\seleniumhq\selenium\selenium-remote-driver\3.141.59\selenium-remote-driver-3.141.59.jar;C:\Users\WELCOME\.m2\repository\org\seleniumhq\selenium\selenium-safari-driver\3.141.59\selenium-safari-driver-3.141.59.jar;C:\Users\WELCOME\.m2\repository\net\bytebuddy\byte-buddy\1.8.15\byte-buddy-1.8.15.jar;C:\Users\WELCOME\.m2\repository\org\apache\commons\commons-exec\1.3\commons-exec-1.3.jar;C:\Users\WELCOME\.m2\repository\com\google\guava\guava\25.0-jre\guava-25.0-jre.jar;C:\Users\WELCOME\.m2\repository\com\google\code\findbugs\jsr305\1.3.9\jsr305-1.3.9.jar;C:\Users\WELCOME\.m2\repository\org\checkerframework\checker-compat-qual\2.0.0\checker-compat-qual-2.0.0.jar;C:\Users\WELCOME\.m2\repository\com\google\errorprone\error_prone_annotations\2.1.3\error_prone_annotations-2.1.3.jar;C:\Users\WELCOME\.m2\repository\com\google\j2objc\j2objc-annotations\1.1\j2objc-annotations-1.1.jar;C:\Users\WELCOME\.m2\repository\org\codehaus\mojo\animal-sniffer-annotations\1.14\animal-sniffer-annotations-1.14.jar;C:\Users\WELCOME\.m2\repository\com\squareup\okhttp3\okhttp\3.11.0\okhttp-3.11.0.jar;C:\Users\WELCOME\.m2\repository\com\squareup\okio\okio\1.14.0\okio-1.14.0.jar;C:\Users\WELCOME\.m2\repository\org\seleniumhq\selenium\selenium-support\3.141.59\selenium-support-3.141.59.jar;C:\Users\WELCOME\.m2\repository\io\github\bonigarcia\webdrivermanager\5.0.2\webdrivermanager-5.0.2.jar;C:\Users\WELCOME\.m2\repository\com\google\code\gson\gson\2.8.8\gson-2.8.8.jar;C:\Users\WELCOME\.m2\repository\org\jsoup\jsoup\1.14.2\jsoup-1.14.2.jar;C:\Users\WELCOME\.m2\repository\com\github\docker-java\docker-java\3.2.11\docker-java-3.2.11.jar;C:\Users\WELCOME\.m2\repository\com\github\docker-java\docker-java-core\3.2.11\docker-java-core-3.2.11.jar;C:\Users\WELCOME\.m2\repository\com\github\docker-java\docker-java-api\3.2.11\docker-java-api-3.2.11.jar;C:\Users\WELCOME\.m2\repository\commons-io\commons-io\2.6\commons-io-2.6.jar;C:\Users\WELCOME\.m2\repository\org\apache\commons\commons-compress\1.20\commons-compress-1.20.jar;C:\Users\WELCOME\.m2\repository\commons-lang\commons-lang\2.6\commons-lang-2.6.jar;C:\Users\WELCOME\.m2\repository\org\bouncycastle\bcpkix-jdk15on\1.64\bcpkix-jdk15on-1.64.jar;C:\Users\WELCOME\.m2\repository\org\bouncycastle\bcprov-jdk15on\1.64\bcprov-jdk15on-1.64.jar;C:\Users\WELCOME\.m2\repository\com\github\docker-java\docker-java-transport-httpclient5\3.2.11\docker-java-transport-httpclient5-3.2.11.jar;C:\Users\WELCOME\.m2\repository\com\github\docker-java\docker-java-transport\3.2.11\docker-java-transport-3.2.11.jar;C:\Users\WELCOME\.m2\repository\org\apache\httpcomponents\client5\httpclient5\5.0.3\httpclient5-5.0.3.jar;C:\Users\WELCOME\.m2\repository\org\apache\httpcomponents\core5\httpcore5\5.0.2\httpcore5-5.0.2.jar;C:\Users\WELCOME\.m2\repository\commons-codec\commons-codec\1.13\commons-codec-1.13.jar;C:\Users\WELCOME\.m2\repository\net\java\dev\jna\jna\5.8.0\jna-5.8.0.jar;C:\Users\WELCOME\.m2\repository\org\brotli\dec\0.1.2\dec-0.1.2.jar;C:\Users\WELCOME\.m2\repository\org\uncommons\reportng\1.1.4\reportng-1.1.4.jar;C:\Users\WELCOME\.m2\repository\velocity\velocity\1.4\velocity-1.4.jar;C:\Users\WELCOME\.m2\repository\com\fasterxml\jackson\core\jackson-core\2.10.0\jackson-core-2.10.0.jar;C:\Users\WELCOME\.m2\repository\com\fasterxml\jackson\core\jackson-databind\2.10.0\jackson-databind-2.10.0.jar;C:\Users\WELCOME\.m2\repository\com\fasterxml\jackson\core\jackson-annotations\2.10.0\jackson-annotations-2.10.0.jar;C:\Users\WELCOME\.m2\repository\com\aventstack\extentreports\5.0.8\extentreports-5.0.8.jar;C:\Users\WELCOME\.m2\repository\io\reactivex\rxjava3\rxjava\3.0.4\rxjava-3.0.4.jar;C:\Users\WELCOME\.m2\repository\org\reactivestreams\reactive-streams\1.0.3\reactive-streams-1.0.3.jar;C:\Users\WELCOME\.m2\repository\org\freemarker\freemarker\2.3.30\freemarker-2.3.30.jar;C:\Users\WELCOME\.m2\repository\org\projectlombok\lombok\1.18.12\lombok-1.18.12.jar;C:\Users\WELCOME\.m2\repository\joda-time\joda-time\2.0\joda-time-2.0.jar;C:\Users\WELCOME\.m2\repository\log4j\log4j\1.2.16\log4j-1.2.16.jar;C:\Users\WELCOME\.m2\repository\org\slf4j\slf4j-api\1.7.24\slf4j-api-1.7.24.jar;C:\Users\WELCOME\.m2\repository\velocity\velocity-dep\1.4\velocity-dep-1.4.jar;C:\Users\WELCOME\.m2\repository\com\google\inject\guice\4.1.0\guice-4.1.0.jar;C:\Users\WELCOME\.m2\repository\javax\inject\javax.inject\1\javax.inject-1.jar;C:\Users\WELCOME\.m2\repository\aopalliance\aopalliance\1.0\aopalliance-1.0.jar;C:\Users\WELCOME\.m2\repository\commons-logging\commons-logging\1.2\commons-logging-1.2.jar;C:\Users\WELCOME\.m2\repository\com\github\javafaker\javafaker\1.0.1\javafaker-1.0.1.jar;C:\Users\WELCOME\.m2\repository\org\apache\commons\commons-lang3\3.5\commons-lang3-3.5.jar;C:\Users\WELCOME\.m2\repository\org\yaml\snakeyaml\1.23\snakeyaml-1.23-android.jar;C:\Users\WELCOME\.m2\repository\com\github\mifmif\generex\1.0.2\generex-1.0.2.jar;C:\Users\WELCOME\.m2\repository\dk\brics\automaton\automaton\1.11-8\automaton-1.11-8.jar;C:\Users\WELCOME\.m2\repository\io\qameta\allure\allure-testng\2.18.1\allure-testng-2.18.1.jar;C:\Users\WELCOME\.m2\repository\io\qameta\allure\allure-java-commons\2.18.1\allure-java-commons-2.18.1.jar;C:\Users\WELCOME\.m2\repository\io\qameta\allure\allure-model\2.18.1\allure-model-2.18.1.jar;C:\Users\WELCOME\.m2\repository\io\qameta\allure\allure-test-filter\2.18.1\allure-test-filter-2.18.1.jar;C:\Users\WELCOME\.m2\repository\org\aspectj\aspectjweaver\1.9.8\aspectjweaver-1.9.8.jar;"/>
    <property name="java.vm.vendor" value="Oracle Corporation"/>
    <property name="sun.arch.data.model" value="64"/>
    <property name="user.variant" value=""/>
    <property name="java.vendor.url" value="https://openjdk.java.net/"/>
    <property name="user.timezone" value="Asia/Bangkok"/>
    <property name="java.vm.specification.version" value="11"/>
    <property name="os.name" value="Windows 11"/>
    <property name="sun.java.launcher" value="SUN_STANDARD"/>
    <property name="user.country" value="US"/>
    <property name="sun.boot.library.path" value="C:\Program Files\Java\jdk-11\bin"/>
    <property name="sun.java.command" value="C:\Users\WELCOME\AppData\Local\Temp\surefire3824786481941233284\surefirebooter14767701304907102372.jar C:\Users\WELCOME\AppData\Local\Temp\surefire3824786481941233284 2023-07-19T13-29-48_084-jvmRun1 surefire3407999605980421735tmp surefire_012872693469068528268tmp"/>
    <property name="jdk.debug" value="release"/>
    <property name="surefire.test.class.path" value="E:\Fullstack Selenium in Java\04 - Maven Hybrid Framework\target\test-classes;E:\Fullstack Selenium in Java\04 - Maven Hybrid Framework\target\classes;C:\Users\WELCOME\.m2\repository\org\testng\testng\6.14.3\testng-6.14.3.jar;C:\Users\WELCOME\.m2\repository\com\beust\jcommander\1.72\jcommander-1.72.jar;C:\Users\WELCOME\.m2\repository\org\apache-extras\beanshell\bsh\2.0b6\bsh-2.0b6.jar;C:\Users\WELCOME\.m2\repository\org\seleniumhq\selenium\selenium-java\3.141.59\selenium-java-3.141.59.jar;C:\Users\WELCOME\.m2\repository\org\seleniumhq\selenium\selenium-api\3.141.59\selenium-api-3.141.59.jar;C:\Users\WELCOME\.m2\repository\org\seleniumhq\selenium\selenium-chrome-driver\3.141.59\selenium-chrome-driver-3.141.59.jar;C:\Users\WELCOME\.m2\repository\org\seleniumhq\selenium\selenium-edge-driver\3.141.59\selenium-edge-driver-3.141.59.jar;C:\Users\WELCOME\.m2\repository\org\seleniumhq\selenium\selenium-firefox-driver\3.141.59\selenium-firefox-driver-3.141.59.jar;C:\Users\WELCOME\.m2\repository\org\seleniumhq\selenium\selenium-ie-driver\3.141.59\selenium-ie-driver-3.141.59.jar;C:\Users\WELCOME\.m2\repository\org\seleniumhq\selenium\selenium-opera-driver\3.141.59\selenium-opera-driver-3.141.59.jar;C:\Users\WELCOME\.m2\repository\org\seleniumhq\selenium\selenium-remote-driver\3.141.59\selenium-remote-driver-3.141.59.jar;C:\Users\WELCOME\.m2\repository\org\seleniumhq\selenium\selenium-safari-driver\3.141.59\selenium-safari-driver-3.141.59.jar;C:\Users\WELCOME\.m2\repository\net\bytebuddy\byte-buddy\1.8.15\byte-buddy-1.8.15.jar;C:\Users\WELCOME\.m2\repository\org\apache\commons\commons-exec\1.3\commons-exec-1.3.jar;C:\Users\WELCOME\.m2\repository\com\google\guava\guava\25.0-jre\guava-25.0-jre.jar;C:\Users\WELCOME\.m2\repository\com\google\code\findbugs\jsr305\1.3.9\jsr305-1.3.9.jar;C:\Users\WELCOME\.m2\repository\org\checkerframework\checker-compat-qual\2.0.0\checker-compat-qual-2.0.0.jar;C:\Users\WELCOME\.m2\repository\com\google\errorprone\error_prone_annotations\2.1.3\error_prone_annotations-2.1.3.jar;C:\Users\WELCOME\.m2\repository\com\google\j2objc\j2objc-annotations\1.1\j2objc-annotations-1.1.jar;C:\Users\WELCOME\.m2\repository\org\codehaus\mojo\animal-sniffer-annotations\1.14\animal-sniffer-annotations-1.14.jar;C:\Users\WELCOME\.m2\repository\com\squareup\okhttp3\okhttp\3.11.0\okhttp-3.11.0.jar;C:\Users\WELCOME\.m2\repository\com\squareup\okio\okio\1.14.0\okio-1.14.0.jar;C:\Users\WELCOME\.m2\repository\org\seleniumhq\selenium\selenium-support\3.141.59\selenium-support-3.141.59.jar;C:\Users\WELCOME\.m2\repository\io\github\bonigarcia\webdrivermanager\5.0.2\webdrivermanager-5.0.2.jar;C:\Users\WELCOME\.m2\repository\com\google\code\gson\gson\2.8.8\gson-2.8.8.jar;C:\Users\WELCOME\.m2\repository\org\jsoup\jsoup\1.14.2\jsoup-1.14.2.jar;C:\Users\WELCOME\.m2\repository\com\github\docker-java\docker-java\3.2.11\docker-java-3.2.11.jar;C:\Users\WELCOME\.m2\repository\com\github\docker-java\docker-java-core\3.2.11\docker-java-core-3.2.11.jar;C:\Users\WELCOME\.m2\repository\com\github\docker-java\docker-java-api\3.2.11\docker-java-api-3.2.11.jar;C:\Users\WELCOME\.m2\repository\commons-io\commons-io\2.6\commons-io-2.6.jar;C:\Users\WELCOME\.m2\repository\org\apache\commons\commons-compress\1.20\commons-compress-1.20.jar;C:\Users\WELCOME\.m2\repository\commons-lang\commons-lang\2.6\commons-lang-2.6.jar;C:\Users\WELCOME\.m2\repository\org\bouncycastle\bcpkix-jdk15on\1.64\bcpkix-jdk15on-1.64.jar;C:\Users\WELCOME\.m2\repository\org\bouncycastle\bcprov-jdk15on\1.64\bcprov-jdk15on-1.64.jar;C:\Users\WELCOME\.m2\repository\com\github\docker-java\docker-java-transport-httpclient5\3.2.11\docker-java-transport-httpclient5-3.2.11.jar;C:\Users\WELCOME\.m2\repository\com\github\docker-java\docker-java-transport\3.2.11\docker-java-transport-3.2.11.jar;C:\Users\WELCOME\.m2\repository\org\apache\httpcomponents\client5\httpclient5\5.0.3\httpclient5-5.0.3.jar;C:\Users\WELCOME\.m2\repository\org\apache\httpcomponents\core5\httpcore5\5.0.2\httpcore5-5.0.2.jar;C:\Users\WELCOME\.m2\repository\commons-codec\commons-codec\1.13\commons-codec-1.13.jar;C:\Users\WELCOME\.m2\repository\net\java\dev\jna\jna\5.8.0\jna-5.8.0.jar;C:\Users\WELCOME\.m2\repository\org\brotli\dec\0.1.2\dec-0.1.2.jar;C:\Users\WELCOME\.m2\repository\org\uncommons\reportng\1.1.4\reportng-1.1.4.jar;C:\Users\WELCOME\.m2\repository\velocity\velocity\1.4\velocity-1.4.jar;C:\Users\WELCOME\.m2\repository\com\fasterxml\jackson\core\jackson-core\2.10.0\jackson-core-2.10.0.jar;C:\Users\WELCOME\.m2\repository\com\fasterxml\jackson\core\jackson-databind\2.10.0\jackson-databind-2.10.0.jar;C:\Users\WELCOME\.m2\repository\com\fasterxml\jackson\core\jackson-annotations\2.10.0\jackson-annotations-2.10.0.jar;C:\Users\WELCOME\.m2\repository\com\aventstack\extentreports\5.0.8\extentreports-5.0.8.jar;C:\Users\WELCOME\.m2\repository\io\reactivex\rxjava3\rxjava\3.0.4\rxjava-3.0.4.jar;C:\Users\WELCOME\.m2\repository\org\reactivestreams\reactive-streams\1.0.3\reactive-streams-1.0.3.jar;C:\Users\WELCOME\.m2\repository\org\freemarker\freemarker\2.3.30\freemarker-2.3.30.jar;C:\Users\WELCOME\.m2\repository\org\projectlombok\lombok\1.18.12\lombok-1.18.12.jar;C:\Users\WELCOME\.m2\repository\joda-time\joda-time\2.0\joda-time-2.0.jar;C:\Users\WELCOME\.m2\repository\log4j\log4j\1.2.16\log4j-1.2.16.jar;C:\Users\WELCOME\.m2\repository\org\slf4j\slf4j-api\1.7.24\slf4j-api-1.7.24.jar;C:\Users\WELCOME\.m2\repository\velocity\velocity-dep\1.4\velocity-dep-1.4.jar;C:\Users\WELCOME\.m2\repository\com\google\inject\guice\4.1.0\guice-4.1.0.jar;C:\Users\WELCOME\.m2\repository\javax\inject\javax.inject\1\javax.inject-1.jar;C:\Users\WELCOME\.m2\repository\aopalliance\aopalliance\1.0\aopalliance-1.0.jar;C:\Users\WELCOME\.m2\repository\commons-logging\commons-logging\1.2\commons-logging-1.2.jar;C:\Users\WELCOME\.m2\repository\com\github\javafaker\javafaker\1.0.1\javafaker-1.0.1.jar;C:\Users\WELCOME\.m2\repository\org\apache\commons\commons-lang3\3.5\commons-lang3-3.5.jar;C:\Users\WELCOME\.m2\repository\org\yaml\snakeyaml\1.23\snakeyaml-1.23-android.jar;C:\Users\WELCOME\.m2\repository\com\github\mifmif\generex\1.0.2\generex-1.0.2.jar;C:\Users\WELCOME\.m2\repository\dk\brics\automaton\automaton\1.11-8\automaton-1.11-8.jar;C:\Users\WELCOME\.m2\repository\io\qameta\allure\allure-testng\2.18.1\allure-testng-2.18.1.jar;C:\Users\WELCOME\.m2\repository\io\qameta\allure\allure-java-commons\2.18.1\allure-java-commons-2.18.1.jar;C:\Users\WELCOME\.m2\repository\io\qameta\allure\allure-model\2.18.1\allure-model-2.18.1.jar;C:\Users\WELCOME\.m2\repository\io\qameta\allure\allure-test-filter\2.18.1\allure-test-filter-2.18.1.jar;C:\Users\WELCOME\.m2\repository\org\aspectj\aspectjweaver\1.9.8\aspectjweaver-1.9.8.jar;"/>
    <property name="sun.cpu.endian" value="little"/>
    <property name="user.home" value="C:\Users\WELCOME"/>
    <property name="user.language" value="en"/>
    <property name="java.specification.vendor" value="Oracle Corporation"/>
    <property name="java.version.date" value="2023-01-17"/>
    <property name="java.home" value="C:\Program Files\Java\jdk-11"/>
    <property name="file.separator" value="\"/>
    <property name="basedir" value="E:\Fullstack Selenium in Java\04 - Maven Hybrid Framework"/>
    <property name="java.vm.compressedOopsMode" value="Zero based"/>
    <property name="line.separator" value="&#10;"/>
    <property name="java.specification.name" value="Java Platform API Specification"/>
    <property name="java.vm.specification.vendor" value="Oracle Corporation"/>
    <property name="java.awt.graphicsenv" value="sun.awt.Win32GraphicsEnvironment"/>
    <property name="surefire.real.class.path" value="C:\Users\WELCOME\AppData\Local\Temp\surefire3824786481941233284\surefirebooter14767701304907102372.jar"/>
    <property name="user.script" value=""/>
    <property name="sun.management.compiler" value="HotSpot 64-Bit Tiered Compilers"/>
    <property name="java.runtime.version" value="11.0.18+9-LTS-195"/>
    <property name="user.name" value="WELCOME"/>
    <property name="path.separator" value=";"/>
    <property name="os.version" value="10.0"/>
    <property name="java.runtime.name" value="Java(TM) SE Runtime Environment"/>
    <property name="file.encoding" value="Cp1252"/>
    <property name="java.vm.name" value="Java HotSpot(TM) 64-Bit Server VM"/>
    <property name="java.vendor.version" value="18.9"/>
    <property name="localRepository" value="C:\Users\WELCOME\.m2\repository"/>
    <property name="java.vendor.url.bug" value="https://bugreport.java.com/bugreport/"/>
    <property name="java.io.tmpdir" value="C:\Users\WELCOME\AppData\Local\Temp\"/>
    <property name="java.version" value="11.0.18"/>
    <property name="user.dir" value="E:\Fullstack Selenium in Java\04 - Maven Hybrid Framework"/>
    <property name="os.arch" value="amd64"/>
    <property name="java.vm.specification.name" value="Java Virtual Machine Specification"/>
    <property name="java.awt.printerjob" value="sun.awt.windows.WPrinterJob"/>
    <property name="sun.os.patch.level" value=""/>
    <property name="java.library.path" value="C:\Program Files\Java\jdk-11\bin;C:\WINDOWS\Sun\Java\bin;C:\WINDOWS\system32;C:\WINDOWS;C:\Python311\Scripts\;C:\Python311\;C:\WINDOWS\system32;C:\WINDOWS;C:\WINDOWS\System32\Wbem;C:\WINDOWS\System32\WindowsPowerShell\v1.0\;C:\WINDOWS\System32\OpenSSH\;C:\Program Files\nodejs\;C:\ProgramData\chocolatey\bin;C:\Program Files\dotnet\;C:\Program Files\JetBrains\IntelliJ IDEA Community Edition 2023.1.1\plugins\maven\lib\maven3\bin;C:\Program Files\Java\jdk-20\bin;C:\Users\WELCOME\AppData\Local\Android\sdk\cmdline-tools\tools\bin;C:\Users\WELCOME\AppData\Local\Android\sdk\platform-tools;C:\Users\WELCOME\AppData\Local\Android\sdk\emulator;C:\Program Files\Git\cmd;C:\Program Files\Java\jdk-11\bin;E:\Fullstack Selenium in Java\01 - Software\allure-2.23.0\bin;C:\Users\WELCOME\AppData\Local\Microsoft\WindowsApps;;C:\Program Files\JetBrains\IntelliJ IDEA Community Edition 2023.1.1\bin;;C:\Users\WELCOME\AppData\Roaming\npm;C:\Users\WELCOME\AppData\Local\Programs\Microsoft VS Code\bin;C:\Users\WELCOME\.dotnet\tools;."/>
    <property name="java.vendor" value="Oracle Corporation"/>
    <property name="java.vm.info" value="mixed mode"/>
    <property name="java.vm.version" value="11.0.18+9-LTS-195"/>
    <property name="sun.io.unicode.encoding" value="UnicodeLittle"/>
    <property name="java.class.version" value="55.0"/>
  </properties>
  <testcase name="User_01_Register" classname="com.nopcommerce.user.Level_20_Manage_Data_Part_I" time="13.353"/>
  <testcase name="User_02_Login" classname="com.nopcommerce.user.Level_20_Manage_Data_Part_I" time="1.843"/>
  <testcase name="User_03_My_Account" classname="com.nopcommerce.user.Level_20_Manage_Data_Part_I" time="0.603"/>
</testsuite>