<?xml version="1.0" encoding="UTF-8"?>
<!-- Generated by org.testng.reporters.JUnitReportReporter -->
<testsuite hostname="vund30992" failures="0" tests="5" name="com.nopcommerce.user.Level_07_Switch_Page" time="0.000" errors="0" timestamp="19 Jul 2023 08:38:52 GMT" skipped="5">
  <testcase classname="com.nopcommerce.user.Level_07_Switch_Page" name="User_03_Customer_Infor" time="0.000">
    <skipped/>
  </testcase> <!-- User_03_Customer_Infor -->
  <testcase classname="com.nopcommerce.user.Level_07_Switch_Page" name="User_04_Switch_Page" time="0.000">
    <skipped/>
  </testcase> <!-- User_04_Switch_Page -->
  <testcase classname="com.nopcommerce.user.Level_07_Switch_Page" name="User_02_Login" time="0.000">
    <skipped/>
  </testcase> <!-- User_02_Login -->
  <testcase classname="com.nopcommerce.user.Level_07_Switch_Page" name="User_04_Switch_Role" time="0.000">
    <skipped/>
  </testcase> <!-- User_04_Switch_Role -->
  <testcase classname="com.nopcommerce.user.Level_07_Switch_Page" name="User_01_Register" time="0.000">
    <skipped/>
  </testcase> <!-- User_01_Register -->
</testsuite> <!-- com.nopcommerce.user.Level_07_Switch_Page -->
