<?xml version="1.0" encoding="UTF-8"?>
<!-- Generated by org.testng.reporters.JUnitReportReporter -->
<testsuite hostname="vund30992" failures="0" tests="2" name="com.nopcommerce.user.Level_09_Dynamic_Locator" time="0.000" errors="0" timestamp="19 Jul 2023 08:38:52 GMT" skipped="2">
  <testcase classname="com.nopcommerce.user.Level_09_Dynamic_Locator" name="User_01_Register_Login" time="0.000">
    <skipped/>
  </testcase> <!-- User_01_Register_Login -->
  <testcase classname="com.nopcommerce.user.Level_09_Dynamic_Locator" name="User_03_Dynamic_Page_02" time="0.000">
    <skipped/>
  </testcase> <!-- User_03_Dynamic_Page_02 -->
</testsuite> <!-- com.nopcommerce.user.Level_09_Dynamic_Locator -->
