<?xml version="1.0" encoding="UTF-8"?>
<!-- Generated by org.testng.reporters.JUnitReportReporter -->
<testsuite hostname="vund30992" failures="0" tests="6" name="com.nopcommerce.user.Level_16_Share_Data_A" time="0.000" errors="0" timestamp="19 Jul 2023 08:38:52 GMT" skipped="6">
  <testcase classname="com.nopcommerce.user.Level_16_Share_Data_A" name="Search_01_Empty_Data" time="0.000">
    <skipped/>
  </testcase> <!-- Search_01_Empty_Data -->
  <testcase classname="com.nopcommerce.user.Level_16_Share_Data_A" name="Search_02_Relative_Product_Name" time="0.000">
    <skipped/>
  </testcase> <!-- Search_02_Relative_Product_Name -->
  <testcase classname="com.nopcommerce.user.Level_16_Share_Data_A" name="Search_05_Incorrect_Manufactorer" time="0.000">
    <skipped/>
  </testcase> <!-- Search_05_Incorrect_Manufactorer -->
  <testcase classname="com.nopcommerce.user.Level_16_Share_Data_A" name="Search_06_Correct_Manufactorer" time="0.000">
    <skipped/>
  </testcase> <!-- Search_06_Correct_Manufactorer -->
  <testcase classname="com.nopcommerce.user.Level_16_Share_Data_A" name="Search_04_Parent_Category" time="0.000">
    <skipped/>
  </testcase> <!-- Search_04_Parent_Category -->
  <testcase classname="com.nopcommerce.user.Level_16_Share_Data_A" name="Search_03_Absolute_Product_Name" time="0.000">
    <skipped/>
  </testcase> <!-- Search_03_Absolute_Product_Name -->
</testsuite> <!-- com.nopcommerce.user.Level_16_Share_Data_A -->
