<?xml version="1.0" encoding="UTF-8"?>
<!-- Generated by org.testng.reporters.JUnitReportReporter -->
<testsuite hostname="vund30992" failures="0" tests="6" name="com.nopcommerce.user.Level_03_Page_Object_02_Login" time="0.000" errors="0" timestamp="19 Jul 2023 08:38:52 GMT" skipped="6">
  <testcase classname="com.nopcommerce.user.Level_03_Page_Object_02_Login" name="Login_03_Email_Not_Found" time="0.000">
    <skipped/>
  </testcase> <!-- Login_03_Email_Not_Found -->
  <testcase classname="com.nopcommerce.user.Level_03_Page_Object_02_Login" name="Login_06_Valid_Email_Password" time="0.000">
    <skipped/>
  </testcase> <!-- Login_06_Valid_Email_Password -->
  <testcase classname="com.nopcommerce.user.Level_03_Page_Object_02_Login" name="Login_04_Existing_Email_Empty_Password" time="0.000">
    <skipped/>
  </testcase> <!-- Login_04_Existing_Email_Empty_Password -->
  <testcase classname="com.nopcommerce.user.Level_03_Page_Object_02_Login" name="Login_01_Empty_Data" time="0.000">
    <skipped/>
  </testcase> <!-- Login_01_Empty_Data -->
  <testcase classname="com.nopcommerce.user.Level_03_Page_Object_02_Login" name="Login_05_Existing_Email_Incorrect_Password" time="0.000">
    <skipped/>
  </testcase> <!-- Login_05_Existing_Email_Incorrect_Password -->
  <testcase classname="com.nopcommerce.user.Level_03_Page_Object_02_Login" name="Login_02_Invalid_Email" time="0.000">
    <skipped/>
  </testcase> <!-- Login_02_Invalid_Email -->
</testsuite> <!-- com.nopcommerce.user.Level_03_Page_Object_02_Login -->
