<?xml version="1.0" encoding="UTF-8"?>
<!-- Generated by org.testng.reporters.JUnitReportReporter -->
<testsuite hostname="vund30992" failures="0" tests="2" name="com.nopcommerce.user.Level_15_ReportNG_Screenshot" time="0.000" errors="0" timestamp="19 Jul 2023 08:38:52 GMT" skipped="2">
  <testcase classname="com.nopcommerce.user.Level_15_ReportNG_Screenshot" name="User_01_Register" time="0.000">
    <skipped/>
  </testcase> <!-- User_01_Register -->
  <testcase classname="com.nopcommerce.user.Level_15_ReportNG_Screenshot" name="User_02_Login" time="0.000">
    <skipped/>
  </testcase> <!-- User_02_Login -->
</testsuite> <!-- com.nopcommerce.user.Level_15_ReportNG_Screenshot -->
