<?xml version="1.0" encoding="UTF-8"?>
<!-- Generated by org.testng.reporters.JUnitReportReporter -->
<testsuite hostname="vund30992" failures="0" tests="2" name="com.jquery.datatable.Level_11_Upload_Files" time="0.000" errors="0" timestamp="19 Jul 2023 08:38:52 GMT" skipped="2">
  <testcase classname="com.jquery.datatable.Level_11_Upload_Files" name="Upload_01_One_File_Per_Time" time="0.000">
    <skipped/>
  </testcase> <!-- Upload_01_One_File_Per_Time -->
  <testcase classname="com.jquery.datatable.Level_11_Upload_Files" name="Upload_02_Multiple_File_Per_Time" time="0.000">
    <skipped/>
  </testcase> <!-- Upload_02_Multiple_File_Per_Time -->
</testsuite> <!-- com.jquery.datatable.Level_11_Upload_Files -->
