<?xml version="1.0" encoding="UTF-8"?>
<!-- Generated by org.testng.reporters.JUnitReportReporter -->
<testsuite hostname="vund30992" failures="0" tests="1" name="com.jquery.datatable.Level_10_Datatable_DataGrid" time="0.000" errors="0" timestamp="19 Jul 2023 08:38:52 GMT" skipped="1">
  <testcase classname="com.jquery.datatable.Level_10_Datatable_DataGrid" name="Table_04_Enter_To_Textbox_At_Any_Row" time="0.000">
    <skipped/>
  </testcase> <!-- Table_04_Enter_To_Textbox_At_Any_Row -->
</testsuite> <!-- com.jquery.datatable.Level_10_Datatable_DataGrid -->
