<?xml version="1.0" encoding="UTF-8"?>
<!-- Generated by org.testng.reporters.JUnitReportReporter -->
<testsuite hostname="vund30992" failures="0" tests="3" name="com.facebook.register.Level_13_Element_Undisplayed" time="0.000" errors="0" timestamp="19 Jul 2023 08:38:52 GMT" skipped="3">
  <testcase classname="com.facebook.register.Level_13_Element_Undisplayed" name="TC_02_Verify_Element_Undisplayed_In_DOM" time="0.000">
    <skipped/>
  </testcase> <!-- TC_02_Verify_Element_Undisplayed_In_DOM -->
  <testcase classname="com.facebook.register.Level_13_Element_Undisplayed" name="TC_01_Verify_Element_Displayed" time="0.000">
    <skipped/>
  </testcase> <!-- TC_01_Verify_Element_Displayed -->
  <testcase classname="com.facebook.register.Level_13_Element_Undisplayed" name="TC_03_Verify_Element_Undisplayed_Not_In_DOM" time="0.000">
    <skipped/>
  </testcase> <!-- TC_03_Verify_Element_Undisplayed_Not_In_DOM -->
</testsuite> <!-- com.facebook.register.Level_13_Element_Undisplayed -->
