<?xml version="1.0" encoding="UTF-8"?>
<!-- Generated by org.testng.reporters.JUnitReportReporter -->
<testsuite hostname="vund30992" failures="0" tests="6" name="com.nopcommerce.user.Level_04_Multiple_Browser" time="0.000" errors="0" timestamp="19 Jul 2023 08:38:52 GMT" skipped="6">
  <testcase classname="com.nopcommerce.user.Level_04_Multiple_Browser" name="Register_06_Invalid_Confirm_Password" time="0.000">
    <skipped/>
  </testcase> <!-- Register_06_Invalid_Confirm_Password -->
  <testcase classname="com.nopcommerce.user.Level_04_Multiple_Browser" name="Register_02_Invalid_Email" time="0.000">
    <skipped/>
  </testcase> <!-- Register_02_Invalid_Email -->
  <testcase classname="com.nopcommerce.user.Level_04_Multiple_Browser" name="Register_04_Existing_Email" time="0.000">
    <skipped/>
  </testcase> <!-- Register_04_Existing_Email -->
  <testcase classname="com.nopcommerce.user.Level_04_Multiple_Browser" name="Register_03_Success" time="0.000">
    <skipped/>
  </testcase> <!-- Register_03_Success -->
  <testcase classname="com.nopcommerce.user.Level_04_Multiple_Browser" name="Register_05_Password_Less_Than_6_Chars" time="0.000">
    <skipped/>
  </testcase> <!-- Register_05_Password_Less_Than_6_Chars -->
  <testcase classname="com.nopcommerce.user.Level_04_Multiple_Browser" name="Register_01_Empty_Data" time="0.000">
    <skipped/>
  </testcase> <!-- Register_01_Empty_Data -->
</testsuite> <!-- com.nopcommerce.user.Level_04_Multiple_Browser -->
