<?xml version="1.0" encoding="UTF-8"?>
<!-- Generated by org.testng.reporters.JUnitReportReporter -->
<testsuite hostname="vund30992" failures="0" tests="2" name="com.nopcommerce.user.Level_08_Switch_Role" time="0.000" errors="0" timestamp="19 Jul 2023 08:38:52 GMT" skipped="2">
  <testcase classname="com.nopcommerce.user.Level_08_Switch_Role" name="Role_01_User_To_Admin" time="0.000">
    <skipped/>
  </testcase> <!-- Role_01_User_To_Admin -->
  <testcase classname="com.nopcommerce.user.Level_08_Switch_Role" name="Role_02_Admin_To_User" time="0.000">
    <skipped/>
  </testcase> <!-- Role_02_Admin_To_User -->
</testsuite> <!-- com.nopcommerce.user.Level_08_Switch_Role -->
