<?xml version="1.0" encoding="UTF-8"?>
<!-- Generated by org.testng.reporters.JUnitReportReporter -->
<testsuite hostname="vund30992" failures="0" tests="5" name="com.nopcommerce.user.Level_02_Apply_BasePage_I" time="0.000" errors="0" timestamp="19 Jul 2023 08:38:52 GMT" skipped="5">
  <testcase classname="com.nopcommerce.user.Level_02_Apply_BasePage_I" name="TC_03_Register_Success" time="0.000">
    <skipped/>
  </testcase> <!-- TC_03_Register_Success -->
  <testcase classname="com.nopcommerce.user.Level_02_Apply_BasePage_I" name="TC_02_Register_Invalid_Email" time="0.000">
    <skipped/>
  </testcase> <!-- TC_02_Register_Invalid_Email -->
  <testcase classname="com.nopcommerce.user.Level_02_Apply_BasePage_I" name="TC_04_Register_Existing_Email" time="0.000">
    <skipped/>
  </testcase> <!-- TC_04_Register_Existing_Email -->
  <testcase classname="com.nopcommerce.user.Level_02_Apply_BasePage_I" name="TC_05_Register_Password_Less_Than_6_Chars" time="0.000">
    <skipped/>
  </testcase> <!-- TC_05_Register_Password_Less_Than_6_Chars -->
  <testcase classname="com.nopcommerce.user.Level_02_Apply_BasePage_I" name="TC_01_Register_Empty_Data" time="0.000">
    <skipped/>
  </testcase> <!-- TC_01_Register_Empty_Data -->
</testsuite> <!-- com.nopcommerce.user.Level_02_Apply_BasePage_I -->
