<?xml version="1.0" encoding="UTF-8"?>
<!-- Generated by org.testng.reporters.JUnitReportReporter -->
<testsuite hostname="vund30992" failures="0" tests="3" name="com.nopcommerce.user.Level_20_Manage_Data_Part_I" time="15.798" errors="0" timestamp="19 Jul 2023 06:30:09 GMT" skipped="0">
  <testcase classname="com.nopcommerce.user.Level_20_Manage_Data_Part_I" name="User_01_Register" time="13.352"/>
  <testcase classname="com.nopcommerce.user.Level_20_Manage_Data_Part_I" name="User_03_My_Account" time="0.603"/>
  <testcase classname="com.nopcommerce.user.Level_20_Manage_Data_Part_I" name="User_02_Login" time="1.843"/>
</testsuite> <!-- com.nopcommerce.user.Level_20_Manage_Data_Part_I -->
